<?xml version="1.0" encoding="UTF-8"?>
<!-- Generated by org.testng.reporters.JUnitReportReporter -->
<testsuite hostname="LAPTOP-9D1NATOR" failures="0" tests="1" name="Tests_Pack.TwoTest" time="0.000" errors="0" timestamp="2023-06-04T17:51:39 IST" skipped="0">
  <testcase classname="Tests_Pack.TwoTest" name="testTwo" time="0.000"/>
  <system-out/>
</testsuite> <!-- Tests_Pack.TwoTest -->
