<?xml version="1.0" encoding="UTF-8"?>
<!-- Generated by org.testng.reporters.JUnitReportReporter -->
<testsuite hostname="LAPTOP-9D1NATOR" failures="0" tests="2" name="Tests_Pack.LoginTest" time="18.891" errors="0" timestamp="2023-06-04T17:51:39 IST" skipped="0">
  <testcase classname="Tests_Pack.LoginTest" name="Login" time="6.448"/>
  <system-out/>
  <testcase classname="Tests_Pack.LoginTest" name="Login" time="12.443"/>
  <system-out/>
</testsuite> <!-- Tests_Pack.LoginTest -->
