<?xml version="1.0" encoding="UTF-8"?>
<!-- Generated by org.testng.reporters.JUnitReportReporter -->
<testsuite hostname="LAPTOP-9D1NATOR" failures="0" tests="2" name="Tests_Pack.LoginTest" time="17.833" errors="0" timestamp="2023-06-04T18:01:07 IST" skipped="0">
  <testcase classname="Tests_Pack.LoginTest" name="Login" time="7.023"/>
  <testcase classname="Tests_Pack.LoginTest" name="Login" time="10.810"/>
</testsuite> <!-- Tests_Pack.LoginTest -->
